<?xml version="1.0" encoding="UTF-8"?>
<testsuite xmlns:xsi="http://www.w3.org/2001/XMLSchema-instance" xsi:noNamespaceSchemaLocation="https://maven.apache.org/surefire/maven-surefire-plugin/xsd/surefire-test-report.xsd" name="MainTest" time="1.103" tests="15" errors="0" skipped="0" failures="2">
  <properties>
    <property name="java.specification.version" value="20"/>
    <property name="sun.cpu.isalist" value="amd64"/>
    <property name="sun.jnu.encoding" value="Cp1252"/>
    <property name="java.class.path" value="D:\Projects\workintech\backend\6 Project date\FSWEB-S14D1-Maven\target\test-classes;D:\Projects\workintech\backend\6 Project date\FSWEB-S14D1-Maven\target\classes;C:\Users\ozgur\.m2\repository\org\junit\jupiter\junit-jupiter-engine\5.9.2\junit-jupiter-engine-5.9.2.jar;C:\Users\ozgur\.m2\repository\org\junit\platform\junit-platform-engine\1.9.2\junit-platform-engine-1.9.2.jar;C:\Users\ozgur\.m2\repository\org\opentest4j\opentest4j\1.2.0\opentest4j-1.2.0.jar;C:\Users\ozgur\.m2\repository\org\junit\platform\junit-platform-commons\1.9.2\junit-platform-commons-1.9.2.jar;C:\Users\ozgur\.m2\repository\org\junit\jupiter\junit-jupiter-api\5.9.2\junit-jupiter-api-5.9.2.jar;C:\Users\ozgur\.m2\repository\org\apiguardian\apiguardian-api\1.1.2\apiguardian-api-1.1.2.jar;C:\Users\ozgur\.m2\repository\org\apache\httpcomponents\httpclient\4.5.14\httpclient-4.5.14.jar;C:\Users\ozgur\.m2\repository\org\apache\httpcomponents\httpcore\4.4.16\httpcore-4.4.16.jar;C:\Users\ozgur\.m2\repository\commons-logging\commons-logging\1.2\commons-logging-1.2.jar;C:\Users\ozgur\.m2\repository\commons-codec\commons-codec\1.11\commons-codec-1.11.jar;C:\Users\ozgur\.m2\repository\org\json\json\20240205\json-20240205.jar;C:\Users\ozgur\.m2\repository\org\hamcrest\hamcrest\2.2\hamcrest-2.2.jar;"/>
    <property name="java.vm.vendor" value="Oracle Corporation"/>
    <property name="sun.arch.data.model" value="64"/>
    <property name="user.variant" value=""/>
    <property name="java.vendor.url" value="https://java.oracle.com/"/>
    <property name="user.timezone" value="Europe/Istanbul"/>
    <property name="user.country.format" value="TR"/>
    <property name="os.name" value="Windows 11"/>
    <property name="java.vm.specification.version" value="20"/>
    <property name="sun.java.launcher" value="SUN_STANDARD"/>
    <property name="user.country" value="GB"/>
    <property name="sun.boot.library.path" value="C:\Program Files\Java\jdk-20\bin"/>
    <property name="sun.java.command" value="C:\Users\ozgur\AppData\Local\Temp\surefire15885604453166579728\surefirebooter8134458670667895845.jar C:\Users\ozgur\AppData\Local\Temp\surefire15885604453166579728 2025-09-15T15-37-35_240-jvmRun1 surefire9902585835077461039tmp surefire_07581534155202397478tmp"/>
    <property name="jdk.debug" value="release"/>
    <property name="surefire.test.class.path" value="D:\Projects\workintech\backend\6 Project date\FSWEB-S14D1-Maven\target\test-classes;D:\Projects\workintech\backend\6 Project date\FSWEB-S14D1-Maven\target\classes;C:\Users\ozgur\.m2\repository\org\junit\jupiter\junit-jupiter-engine\5.9.2\junit-jupiter-engine-5.9.2.jar;C:\Users\ozgur\.m2\repository\org\junit\platform\junit-platform-engine\1.9.2\junit-platform-engine-1.9.2.jar;C:\Users\ozgur\.m2\repository\org\opentest4j\opentest4j\1.2.0\opentest4j-1.2.0.jar;C:\Users\ozgur\.m2\repository\org\junit\platform\junit-platform-commons\1.9.2\junit-platform-commons-1.9.2.jar;C:\Users\ozgur\.m2\repository\org\junit\jupiter\junit-jupiter-api\5.9.2\junit-jupiter-api-5.9.2.jar;C:\Users\ozgur\.m2\repository\org\apiguardian\apiguardian-api\1.1.2\apiguardian-api-1.1.2.jar;C:\Users\ozgur\.m2\repository\org\apache\httpcomponents\httpclient\4.5.14\httpclient-4.5.14.jar;C:\Users\ozgur\.m2\repository\org\apache\httpcomponents\httpcore\4.4.16\httpcore-4.4.16.jar;C:\Users\ozgur\.m2\repository\commons-logging\commons-logging\1.2\commons-logging-1.2.jar;C:\Users\ozgur\.m2\repository\commons-codec\commons-codec\1.11\commons-codec-1.11.jar;C:\Users\ozgur\.m2\repository\org\json\json\20240205\json-20240205.jar;C:\Users\ozgur\.m2\repository\org\hamcrest\hamcrest\2.2\hamcrest-2.2.jar;"/>
    <property name="sun.cpu.endian" value="little"/>
    <property name="user.home" value="C:\Users\ozgur"/>
    <property name="user.language" value="en"/>
    <property name="java.specification.vendor" value="Oracle Corporation"/>
    <property name="java.version.date" value="2023-07-18"/>
    <property name="java.home" value="C:\Program Files\Java\jdk-20"/>
    <property name="file.separator" value="\"/>
    <property name="basedir" value="D:\Projects\workintech\backend\6 Project date\FSWEB-S14D1-Maven"/>
    <property name="java.vm.compressedOopsMode" value="Zero based"/>
    <property name="line.separator" value="&#10;"/>
    <property name="java.vm.specification.vendor" value="Oracle Corporation"/>
    <property name="java.specification.name" value="Java Platform API Specification"/>
    <property name="surefire.real.class.path" value="C:\Users\ozgur\AppData\Local\Temp\surefire15885604453166579728\surefirebooter8134458670667895845.jar"/>
    <property name="user.script" value=""/>
    <property name="sun.management.compiler" value="HotSpot 64-Bit Tiered Compilers"/>
    <property name="java.runtime.version" value="20.0.2+9-78"/>
    <property name="user.name" value="ozgur"/>
    <property name="stdout.encoding" value="Cp1252"/>
    <property name="path.separator" value=";"/>
    <property name="os.version" value="10.0"/>
    <property name="java.runtime.name" value="Java(TM) SE Runtime Environment"/>
    <property name="file.encoding" value="UTF-8"/>
    <property name="java.vm.name" value="Java HotSpot(TM) 64-Bit Server VM"/>
    <property name="localRepository" value="C:\Users\ozgur\.m2\repository"/>
    <property name="java.vendor.url.bug" value="https://bugreport.java.com/bugreport/"/>
    <property name="java.io.tmpdir" value="C:\Users\ozgur\AppData\Local\Temp\"/>
    <property name="java.version" value="20.0.2"/>
    <property name="user.dir" value="D:\Projects\workintech\backend\6 Project date\FSWEB-S14D1-Maven"/>
    <property name="os.arch" value="amd64"/>
    <property name="java.vm.specification.name" value="Java Virtual Machine Specification"/>
    <property name="user.language.format" value="tr"/>
    <property name="sun.os.patch.level" value=""/>
    <property name="native.encoding" value="Cp1252"/>
    <property name="java.library.path" value="C:\Program Files\Java\jdk-20\bin;C:\WINDOWS\Sun\Java\bin;C:\WINDOWS\system32;C:\WINDOWS;C:\Users\ozgur\AppData\Local\cloud-code\installer\google-cloud-sdk\bin;C:\Python312\Scripts\;C:\Python312\;C:\Python\Scripts\;C:\Python\;C:\Program Files\Common Files\Oracle\Java\javapath;C:\Program Files\Microsoft\jdk-11.0.16.101-hotspot\bin;C:\Windows\System32\HWAudioDriver;C:\Windows\system32;C:\Windows;C:\Windows\System32\Wbem;C:\Windows\System32\WindowsPowerShell\v1.0\;C:\Windows\System32\OpenSSH\;C:\Users\Administrator\AppData\Local\Microsoft\WindowsApps;C:\Program Files\Microsoft SQL Server\150\Tools\Binn\;C:\Program Files\Microsoft SQL Server\Client SDK\ODBC\170\Tools\Binn\;C:\Program Files (x86)\Microsoft SQL Server\160\Tools\Binn\;C:\Program Files\Microsoft SQL Server\160\Tools\Binn\;C:\Program Files\Microsoft SQL Server\160\DTS\Binn\;C:\Program Files (x86)\Microsoft SQL Server\160\DTS\Binn\;C:\Program Files\Azure Data Studio\bin;C:\Program Files\dotnet\;D:\Java\bin;C:\Program Files\Git\cmd;C:\Users\ozgur\AppData\Roaming\Microsoft\Windows\Start Menu\Programs\Nmap;C:\ProgramData\chocolatey\bin;PS C:\VSCode\apache-maven-3.9.9-bin\apache-maven-3.9.9\bin;C:\WINDOWS\system32;C:\WINDOWS;C:\WINDOWS\System32\Wbem;C:\WINDOWS\System32\WindowsPowerShell\v1.0\;C:\WINDOWS\System32\OpenSSH\;C:\xampp\php;C:\ProgramData\ComposerSetup\bin;C:\Program Files\Docker\Docker\resources\bin;D:\Nodejs\nvm;D:\Nodejs\node2\nodejs;C:\Users\ozgur\AppData\Local\Microsoft\WindowsApps;C:\Program Files\Azure Data Studio\bin;C:\Users\ozgur\.dotnet\tools;C:\VSCode\Microsoft VS Code\bin;C:\Program Files (x86)\Nmap;C:\Users\ozgur\AppData\Roaming\npm;C:\Users\ozgur;C:\VSCode\apache-maven-3.9.9-bin\apache-maven-3.9.9\bin;C:\Users\ozgur\AppData\Roaming\Composer\vendor\bin;C:\Users\ozgur\AppData\Local\GitHubDesktop\bin;D:\Nodejs\nvm;D:\Nodejs\node2\nodejs;C:\Users\ozgur\AppData\Local\nvm;C:\Program Files\nvm;;c:\Users\ozgur\AppData\Roaming\Code\User\globalStorage\github.copilot-chat\debugCommand;."/>
    <property name="java.vm.info" value="mixed mode, sharing"/>
    <property name="stderr.encoding" value="Cp1252"/>
    <property name="java.vendor" value="Oracle Corporation"/>
    <property name="java.vm.version" value="20.0.2+9-78"/>
    <property name="sun.io.unicode.encoding" value="UnicodeLittle"/>
    <property name="java.class.version" value="64.0"/>
  </properties>
  <testcase name="testRectangleAccessModifiers" classname="MainTest" time="0.009"/>
  <testcase name="testCircleAccessModifiers" classname="MainTest" time="0"/>
  <testcase name="testEmployeeAccessModifiers" classname="MainTest" time="0"/>
  <testcase name="testCircleTypes" classname="MainTest" time="0"/>
  <testcase name="testEmployeeSubClasses" classname="MainTest" time="0"/>
  <testcase name="testGetArea" classname="MainTest" time="0.011"/>
  <testcase name="testRectangleTypes" classname="MainTest" time="0"/>
  <testcase name="testEmployeeTypes" classname="MainTest" time="0"/>
  <testcase name="testCuboidAccessModifiers" classname="MainTest" time="0.003"/>
  <testcase name="testCylinderAccessModifiers" classname="MainTest" time="0"/>
  <testcase name="testCuboidTypes" classname="MainTest" time="0"/>
  <testcase name="testCylinderTypes" classname="MainTest" time="0"/>
  <testcase name="testGetAreaRectangle" classname="MainTest" time="0">
    <failure message="expected: &lt;2,00&gt; but was: &lt;2.00&gt;" type="org.opentest4j.AssertionFailedError"><![CDATA[org.opentest4j.AssertionFailedError: expected: <2,00> but was: <2.00>
	at MainTest.testGetAreaRectangle(MainTest.java:104)
]]></failure>
  </testcase>
  <testcase name="testGetVolume" classname="MainTest" time="0"/>
  <testcase name="testGetVolumeRectangle" classname="MainTest" time="0">
    <failure message="expected: &lt;6,00&gt; but was: &lt;6.00&gt;" type="org.opentest4j.AssertionFailedError"><![CDATA[org.opentest4j.AssertionFailedError: expected: <6,00> but was: <6.00>
	at MainTest.testGetVolumeRectangle(MainTest.java:124)
]]></failure>
  </testcase>
</testsuite>