<?xml version="1.0" encoding="UTF-8"?>
<testsuite xmlns:xsi="http://www.w3.org/2001/XMLSchema-instance" xsi:noNamespaceSchemaLocation="https://maven.apache.org/surefire/maven-surefire-plugin/xsd/surefire-test-report.xsd" name="MainTest" time="1.103" tests="15" errors="0" skipped="0" failures="2">
  <properties>
[...]
</properties>
  <testcase name="testRectangleAccessModifiers" classname="MainTest" time="0.009"/>
  <testcase name="testCircleAccessModifiers" classname="MainTest" time="0"/>
  <testcase name="testEmployeeAccessModifiers" classname="MainTest" time="0"/>
  <testcase name="testCircleTypes" classname="MainTest" time="0"/>
  <testcase name="testEmployeeSubClasses" classname="MainTest" time="0"/>
  <testcase name="testGetArea" classname="MainTest" time="0.011"/>
  <testcase name="testRectangleTypes" classname="MainTest" time="0"/>
  <testcase name="testEmployeeTypes" classname="MainTest" time="0"/>
  <testcase name="testCuboidAccessModifiers" classname="MainTest" time="0.003"/>
  <testcase name="testCylinderAccessModifiers" classname="MainTest" time="0"/>
  <testcase name="testCuboidTypes" classname="MainTest" time="0"/>
  <testcase name="testCylinderTypes" classname="MainTest" time="0"/>
  <testcase name="testGetAreaRectangle" classname="MainTest" time="0">
    <failure message="expected: &lt;2,00&gt; but was: &lt;2.00&gt;" type="org.opentest4j.AssertionFailedError"><![CDATA[org.opentest4j.AssertionFailedError: expected: <2,00> but was: <2.00>
	at MainTest.testGetAreaRectangle(MainTest.java:104)
]]></failure>
  </testcase>
  <testcase name="testGetVolume" classname="MainTest" time="0"/>
  <testcase name="testGetVolumeRectangle" classname="MainTest" time="0">
    <failure message="expected: &lt;6,00&gt; but was: &lt;6.00&gt;" type="org.opentest4j.AssertionFailedError"><![CDATA[org.opentest4j.AssertionFailedError: expected: <6,00> but was: <6.00>
	at MainTest.testGetVolumeRectangle(MainTest.java:124)
]]></failure>
  </testcase>
</testsuite>